/Users/zgf/Library/Python/3.9/lib/python/site-packages/urllib3/__init__.py:35: NotOpenSSLWarning: urllib3 v2 only supports OpenSSL 1.1.1+, currently the 'ssl' module is compiled with 'LibreSSL 2.8.3'. See: https://github.com/urllib3/urllib3/issues/3020
  warnings.warn(
global_monthly_2016_01_mosaic
global_monthly_2016_02_mosaic
global_monthly_2016_03_mosaic
global_monthly_2016_04_mosaic
global_monthly_2016_05_mosaic
global_monthly_2016_06_mosaic
global_monthly_2016_07_mosaic
global_monthly_2016_08_mosaic
global_monthly_2016_09_mosaic
global_monthly_2016_10_mosaic
global_monthly_2016_11_mosaic
global_monthly_2016_12_mosaic
global_monthly_2017_01_mutate_mosaic
global_monthly_2017_02_mosaic
global_monthly_2017_03_mosaic
global_monthly_2017_04_mosaic
global_monthly_2017_05_mosaic
global_monthly_2017_06_mosaic
global_monthly_2017_07_mosaic
global_monthly_2017_08_mosaic
global_monthly_2017_09_mosaic
global_monthly_2017_10_mosaic
global_monthly_2017_11_mosaic
global_monthly_2017_12_mosaic
global_monthly_2018_01_mosaic
global_monthly_2018_02_mosaic
global_monthly_2018_03_mosaic
global_monthly_2018_04_mosaic
global_monthly_2018_05_mosaic
global_monthly_2018_06_mosaic
global_monthly_2018_07_mosaic
global_monthly_2018_08_mosaic
global_monthly_2018_09_mosaic
global_monthly_2018_10_mosaic
global_monthly_2018_11_mosaic
global_monthly_2018_12_mosaic
global_monthly_2019_01_mosaic
global_monthly_2019_02_mosaic
global_monthly_2019_03_mosaic
global_monthly_2019_04_mosaic
global_monthly_2019_05_mosaic
global_monthly_2019_06_mosaic
global_monthly_2019_07_mosaic
global_monthly_2019_08_mosaic
global_monthly_2019_09_mosaic
global_monthly_2019_10_mosaic
global_monthly_2019_11_mosaic
global_monthly_2019_12_mosaic
global_monthly_2020_01_mosaic
global_monthly_2020_02_mosaic
global_monthly_2020_03_mosaic
global_monthly_2020_04_mosaic
global_monthly_2020_05_mosaic
global_monthly_2020_06_mosaic
global_monthly_2020_07_mosaic
global_monthly_2020_08_mosaic
global_monthly_2020_09_mosaic
global_monthly_2020_10_mosaic
global_monthly_2020_11_mosaic
global_monthly_2020_12_mosaic
global_monthly_2021_01_mosaic
global_monthly_2021_02_mosaic
global_monthly_2021_03_mosaic
global_monthly_2021_04_mosaic
global_monthly_2021_05_mosaic
global_monthly_2021_06_mosaic
global_monthly_2021_07_mosaic
global_monthly_2021_08_mosaic
global_monthly_2021_09_mosaic
global_monthly_2021_10_mosaic
global_monthly_2021_11_mosaic
global_monthly_2021_12_mosaic
global_monthly_2022_01_mosaic
global_monthly_2022_02_mosaic
global_monthly_2022_03_mosaic
global_monthly_2022_04_mosaic
global_monthly_2022_05_mosaic
global_monthly_2022_06_mosaic
global_monthly_2022_07_mosaic
global_monthly_2022_08_mosaic
global_monthly_2022_09_mosaic
global_monthly_2022_10_mosaic
global_monthly_2022_11_mosaic
global_monthly_2022_12_mosaic
global_monthly_2023_01_mosaic
global_monthly_2023_02_mosaic
global_monthly_2023_03_mosaic
global_monthly_2023_04_mosaic
global_monthly_2023_05_mosaic
global_monthly_2023_06_mosaic
global_monthly_2023_07_mosaic
global_monthly_2023_08_mosaic
global_monthly_2023_09_mosaic
global_monthly_2023_10_mosaic
global_monthly_2023_11_mosaic
global_monthly_2023_12_mosaic
global_monthly_2024_01_mosaic
global_monthly_2024_02_mosaic
global_monthly_2024_03_mosaic
global_monthly_2024_04_mosaic
global_monthly_2024_05_mosaic
global_quarterly_2016q1_mosaic
global_quarterly_2016q2_mosaic
global_quarterly_2016q3_mosaic
global_quarterly_2016q4_mosaic
global_quarterly_2017q1_mosaic
global_quarterly_2017q2_mosaic
global_quarterly_2017q3_mosaic
global_quarterly_2017q4_mosaic
global_quarterly_2018q1_mosaic
global_quarterly_2018q2_mosaic
global_quarterly_2018q3_mosaic
global_quarterly_2018q4_mosaic
global_quarterly_2019q1_mosaic
global_quarterly_2019q2_mosaic
global_quarterly_2019q3_mosaic
global_quarterly_2019q4_mosaic
global_quarterly_2020q1_mosaic
global_quarterly_2020q2_mosaic
global_quarterly_2020q3_mosaic
global_quarterly_2020q4_mosaic
global_quarterly_2021q1_mosaic
global_quarterly_2021q2_mosaic
global_quarterly_2021q3_mosaic
global_quarterly_2021q4_mosaic
global_quarterly_2022q1_mosaic
global_quarterly_2022q2_mosaic
global_quarterly_2022q3_mosaic
global_quarterly_2022q4_mosaic
global_quarterly_2023q1_mosaic
global_quarterly_2023q2_mosaic
global_quarterly_2023q3_mosaic
global_quarterly_2023q4_mosaic
global_quarterly_2024q1_mosaic
ps_partner_monthly_sen2_normalized_analytic_2017_01_mosaic
ps_partner_monthly_sen2_normalized_analytic_2017_02_mosaic
ps_partner_monthly_sen2_normalized_analytic_2017_03_mosaic
ps_partner_monthly_sen2_normalized_analytic_2017_04_mosaic
ps_partner_monthly_sen2_normalized_analytic_2017_05_mosaic
ps_partner_monthly_sen2_normalized_analytic_2017_06_mosaic
ps_partner_monthly_sen2_normalized_analytic_2017_07_mosaic
ps_partner_monthly_sen2_normalized_analytic_2017_08_mosaic
ps_partner_monthly_sen2_normalized_analytic_2017_09_mosaic
ps_partner_monthly_sen2_normalized_analytic_2017_10_mosaic
ps_partner_monthly_sen2_normalized_analytic_2017_11_mosaic
ps_partner_monthly_sen2_normalized_analytic_2017_12_mosaic
ps_partner_monthly_sen2_normalized_analytic_2018_01_mosaic
ps_partner_monthly_sen2_normalized_analytic_2018_02_mosaic
ps_partner_monthly_sen2_normalized_analytic_2018_03_mosaic
ps_partner_monthly_sen2_normalized_analytic_2018_04_mosaic
ps_partner_monthly_sen2_normalized_analytic_2018_05_mosaic
ps_partner_monthly_sen2_normalized_analytic_2018_06_mosaic
ps_partner_monthly_sen2_normalized_analytic_2018_07_mosaic
ps_partner_monthly_sen2_normalized_analytic_2018_08_mosaic
ps_partner_monthly_sen2_normalized_analytic_2018_09_mosaic
ps_partner_monthly_sen2_normalized_analytic_2018_10_mosaic
ps_partner_monthly_sen2_normalized_analytic_2018_11_mosaic
ps_partner_monthly_sen2_normalized_analytic_2018_12_mosaic
ps_partner_monthly_sen2_normalized_analytic_2019_01_mosaic
ps_partner_monthly_sen2_normalized_analytic_2019_02_mosaic
ps_partner_monthly_sen2_normalized_analytic_2019_03_mosaic
ps_partner_monthly_sen2_normalized_analytic_2019_04_mosaic
ps_partner_monthly_sen2_normalized_analytic_2019_05_mosaic
ps_partner_monthly_sen2_normalized_analytic_2019_06_mosaic
ps_partner_monthly_sen2_normalized_analytic_2019_07_mosaic
ps_partner_monthly_sen2_normalized_analytic_2019_08_mosaic
ps_partner_monthly_sen2_normalized_analytic_2019_09_mosaic
ps_partner_monthly_sen2_normalized_analytic_2019_10_mosaic
ps_partner_monthly_sen2_normalized_analytic_2019_11_mosaic
ps_partner_monthly_sen2_normalized_analytic_2019_12_mosaic
ps_partner_monthly_sen2_normalized_analytic_2020_01_mosaic
ps_partner_monthly_sen2_normalized_analytic_2020_02_mosaic
ps_partner_monthly_sen2_normalized_analytic_2020_03_mosaic
ps_partner_monthly_sen2_normalized_analytic_2020_04_mosaic
ps_partner_monthly_sen2_normalized_analytic_2020_05_mosaic
ps_partner_monthly_sen2_normalized_analytic_2020_06_mosaic
ps_partner_monthly_sen2_normalized_analytic_2020_07_mosaic
ps_partner_monthly_sen2_normalized_analytic_2020_08_mosaic
ps_partner_monthly_sen2_normalized_analytic_2020_09_mosaic
ps_partner_monthly_sen2_normalized_analytic_2020_10_mosaic
ps_partner_monthly_sen2_normalized_analytic_2020_11_mosaic
ps_partner_monthly_sen2_normalized_analytic_2020_12_mosaic
ps_partner_monthly_sen2_normalized_analytic_2021_01_mosaic
ps_partner_monthly_sen2_normalized_analytic_2021_02_mosaic
ps_partner_monthly_sen2_normalized_analytic_2021_03_mosaic
ps_partner_monthly_sen2_normalized_analytic_2021_04_mosaic
ps_partner_monthly_sen2_normalized_analytic_2021_05_mosaic
ps_partner_monthly_sen2_normalized_analytic_2021_06_mosaic
ps_partner_monthly_sen2_normalized_analytic_2021_07_mosaic
ps_partner_monthly_sen2_normalized_analytic_2021_08_mosaic
ps_partner_monthly_sen2_normalized_analytic_2021_09_mosaic
ps_partner_monthly_sen2_normalized_analytic_2021_10_mosaic
ps_partner_monthly_sen2_normalized_analytic_2021_11_mosaic
ps_partner_monthly_sen2_normalized_analytic_2021_12_mosaic
ps_partner_monthly_sen2_normalized_analytic_2022_01_mosaic
ps_partner_monthly_sen2_normalized_analytic_2022_02_mosaic
ps_partner_monthly_sen2_normalized_analytic_2022_03_mosaic
ps_partner_monthly_sen2_normalized_analytic_2022_04_mosaic
ps_partner_monthly_sen2_normalized_analytic_2022_05_mosaic
ps_partner_monthly_sen2_normalized_analytic_2022_06_mosaic
ps_partner_monthly_sen2_normalized_analytic_2022_07_mosaic
ps_partner_monthly_sen2_normalized_analytic_2022_08_mosaic
ps_partner_monthly_sen2_normalized_analytic_2022_09_mosaic
ps_partner_monthly_sen2_normalized_analytic_2022_10_mosaic
ps_partner_monthly_sen2_normalized_analytic_2022_11_mosaic
ps_partner_monthly_sen2_normalized_analytic_2022_12_mosaic
ps_partner_monthly_sen2_normalized_analytic_2023_01_mosaic
ps_partner_monthly_sen2_normalized_analytic_2023_02_mosaic
ps_partner_monthly_sen2_normalized_analytic_2023_03_mosaic
ps_partner_monthly_sen2_normalized_analytic_2023_04_mosaic
ps_partner_monthly_sen2_normalized_analytic_2023_05_mosaic
ps_partner_monthly_sen2_normalized_analytic_2023_06_mosaic
ps_partner_monthly_sen2_normalized_analytic_2023_07_mosaic
ps_partner_monthly_sen2_normalized_analytic_2023_08_mosaic
ps_partner_monthly_sen2_normalized_analytic_2023_09_mosaic
ps_partner_monthly_sen2_normalized_analytic_2023_10_mosaic
ps_partner_monthly_sen2_normalized_analytic_2023_11_mosaic
ps_partner_monthly_sen2_normalized_analytic_2023_12_mosaic
ps_partner_monthly_sen2_normalized_analytic_2024_01_mosaic
ps_partner_monthly_sen2_normalized_analytic_2024_02_mosaic
ps_partner_monthly_sen2_normalized_analytic_2024_03_mosaic
ps_partner_monthly_sen2_normalized_analytic_2024_04_mosaic
ps_partner_monthly_sen2_normalized_analytic_2024_05_mosaic
启用了region
/Users/zgf/Desktop/planet/2020-05/1657-1206_quad.tif
/Users/zgf/Desktop/planet/2020-05/1658-1206_quad.tif
None
None
None
None
None
None
None
None
已处理10张
None
None
None
None
None
None
None
None
None
None
已处理20张
/Users/zgf/Desktop/planet/2020-05/1657-1219_quad.tif
None
/Users/zgf/Desktop/planet/2020-05/1656-1219_quad.tif
/Users/zgf/Desktop/planet/2020-05/1658-1218_quad.tif
None
None
/Users/zgf/Desktop/planet/2020-05/1658-1219_quad.tif
None
None
None
已处理30张
/Users/zgf/Desktop/planet/2020-05/1656-1220_quad.tif
/Users/zgf/Desktop/planet/2020-05/1655-1219_quad.tif
None
None
None
None
None
/Users/zgf/Desktop/planet/2020-05/1652-1216_quad.tif
/Users/zgf/Desktop/planet/2020-05/1655-1216_quad.tif
None
已处理40张
/Users/zgf/Desktop/planet/2020-05/1653-1217_quad.tif
/Users/zgf/Desktop/planet/2020-05/1653-1220_quad.tif
/Users/zgf/Desktop/planet/2020-05/1654-1220_quad.tif
None
/Users/zgf/Desktop/planet/2020-05/1653-1216_quad.tif
None
None
None
None
None
已处理50张
None
/Users/zgf/Desktop/planet/2020-05/1654-1219_quad.tif
None
None
None
None
None
/Users/zgf/Desktop/planet/2020-05/1682-1204_quad.tif
/Users/zgf/Desktop/planet/2020-05/1672-1210_quad.tif
None
已处理60张
/Users/zgf/Desktop/planet/2020-05/1670-1210_quad.tif
None
None
None
/Users/zgf/Desktop/planet/2020-05/1672-1209_quad.tif
/Users/zgf/Desktop/planet/2020-05/1672-1211_quad.tif
None
/Users/zgf/Desktop/planet/2020-05/1671-1196_quad.tif
None
None
已处理70张
None
/Users/zgf/Desktop/planet/2020-05/1672-1208_quad.tif
None
None
/Users/zgf/Desktop/planet/2020-05/1669-1209_quad.tif
/Users/zgf/Desktop/planet/2020-05/1671-1208_quad.tif
None
None
None
None
已处理80张
None
None
None
None
None
None
None
None
None
None
已处理90张
/Users/zgf/Desktop/planet/2020-05/1674-1206_quad.tif
None
下载完成
