/Users/zgf/Library/Python/3.9/lib/python/site-packages/urllib3/__init__.py:35: NotOpenSSLWarning: urllib3 v2 only supports OpenSSL 1.1.1+, currently the 'ssl' module is compiled with 'LibreSSL 2.8.3'. See: https://github.com/urllib3/urllib3/issues/3020
  warnings.warn(
global_monthly_2016_01_mosaic
global_monthly_2016_02_mosaic
global_monthly_2016_03_mosaic
global_monthly_2016_04_mosaic
global_monthly_2016_05_mosaic
global_monthly_2016_06_mosaic
global_monthly_2016_07_mosaic
global_monthly_2016_08_mosaic
global_monthly_2016_09_mosaic
global_monthly_2016_10_mosaic
global_monthly_2016_11_mosaic
global_monthly_2016_12_mosaic
global_monthly_2017_01_mutate_mosaic
global_monthly_2017_02_mosaic
global_monthly_2017_03_mosaic
global_monthly_2017_04_mosaic
global_monthly_2017_05_mosaic
global_monthly_2017_06_mosaic
global_monthly_2017_07_mosaic
global_monthly_2017_08_mosaic
global_monthly_2017_09_mosaic
global_monthly_2017_10_mosaic
global_monthly_2017_11_mosaic
global_monthly_2017_12_mosaic
global_monthly_2018_01_mosaic
global_monthly_2018_02_mosaic
global_monthly_2018_03_mosaic
global_monthly_2018_04_mosaic
global_monthly_2018_05_mosaic
global_monthly_2018_06_mosaic
global_monthly_2018_07_mosaic
global_monthly_2018_08_mosaic
global_monthly_2018_09_mosaic
global_monthly_2018_10_mosaic
global_monthly_2018_11_mosaic
global_monthly_2018_12_mosaic
global_monthly_2019_01_mosaic
global_monthly_2019_02_mosaic
global_monthly_2019_03_mosaic
global_monthly_2019_04_mosaic
global_monthly_2019_05_mosaic
global_monthly_2019_06_mosaic
global_monthly_2019_07_mosaic
global_monthly_2019_08_mosaic
global_monthly_2019_09_mosaic
global_monthly_2019_10_mosaic
global_monthly_2019_11_mosaic
global_monthly_2019_12_mosaic
global_monthly_2020_01_mosaic
global_monthly_2020_02_mosaic
global_monthly_2020_03_mosaic
global_monthly_2020_04_mosaic
global_monthly_2020_05_mosaic
global_monthly_2020_06_mosaic
global_monthly_2020_07_mosaic
global_monthly_2020_08_mosaic
global_monthly_2020_09_mosaic
global_monthly_2020_10_mosaic
global_monthly_2020_11_mosaic
global_monthly_2020_12_mosaic
global_monthly_2021_01_mosaic
global_monthly_2021_02_mosaic
global_monthly_2021_03_mosaic
global_monthly_2021_04_mosaic
global_monthly_2021_05_mosaic
global_monthly_2021_06_mosaic
global_monthly_2021_07_mosaic
global_monthly_2021_08_mosaic
global_monthly_2021_09_mosaic
global_monthly_2021_10_mosaic
global_monthly_2021_11_mosaic
global_monthly_2021_12_mosaic
global_monthly_2022_01_mosaic
global_monthly_2022_02_mosaic
global_monthly_2022_03_mosaic
global_monthly_2022_04_mosaic
global_monthly_2022_05_mosaic
global_monthly_2022_06_mosaic
global_monthly_2022_07_mosaic
global_monthly_2022_08_mosaic
global_monthly_2022_09_mosaic
global_monthly_2022_10_mosaic
global_monthly_2022_11_mosaic
global_monthly_2022_12_mosaic
global_monthly_2023_01_mosaic
global_monthly_2023_02_mosaic
global_monthly_2023_03_mosaic
global_monthly_2023_04_mosaic
global_monthly_2023_05_mosaic
global_monthly_2023_06_mosaic
global_monthly_2023_07_mosaic
global_monthly_2023_08_mosaic
global_monthly_2023_09_mosaic
global_monthly_2023_10_mosaic
global_monthly_2023_11_mosaic
global_monthly_2023_12_mosaic
global_monthly_2024_01_mosaic
global_monthly_2024_02_mosaic
global_monthly_2024_03_mosaic
global_monthly_2024_04_mosaic
global_monthly_2024_05_mosaic
global_quarterly_2016q1_mosaic
global_quarterly_2016q2_mosaic
global_quarterly_2016q3_mosaic
global_quarterly_2016q4_mosaic
global_quarterly_2017q1_mosaic
global_quarterly_2017q2_mosaic
global_quarterly_2017q3_mosaic
global_quarterly_2017q4_mosaic
global_quarterly_2018q1_mosaic
global_quarterly_2018q2_mosaic
global_quarterly_2018q3_mosaic
global_quarterly_2018q4_mosaic
global_quarterly_2019q1_mosaic
global_quarterly_2019q2_mosaic
global_quarterly_2019q3_mosaic
global_quarterly_2019q4_mosaic
global_quarterly_2020q1_mosaic
global_quarterly_2020q2_mosaic
global_quarterly_2020q3_mosaic
global_quarterly_2020q4_mosaic
global_quarterly_2021q1_mosaic
global_quarterly_2021q2_mosaic
global_quarterly_2021q3_mosaic
global_quarterly_2021q4_mosaic
global_quarterly_2022q1_mosaic
global_quarterly_2022q2_mosaic
global_quarterly_2022q3_mosaic
global_quarterly_2022q4_mosaic
global_quarterly_2023q1_mosaic
global_quarterly_2023q2_mosaic
global_quarterly_2023q3_mosaic
global_quarterly_2023q4_mosaic
global_quarterly_2024q1_mosaic
ps_partner_monthly_sen2_normalized_analytic_2017_01_mosaic
ps_partner_monthly_sen2_normalized_analytic_2017_02_mosaic
ps_partner_monthly_sen2_normalized_analytic_2017_03_mosaic
ps_partner_monthly_sen2_normalized_analytic_2017_04_mosaic
ps_partner_monthly_sen2_normalized_analytic_2017_05_mosaic
ps_partner_monthly_sen2_normalized_analytic_2017_06_mosaic
ps_partner_monthly_sen2_normalized_analytic_2017_07_mosaic
ps_partner_monthly_sen2_normalized_analytic_2017_08_mosaic
ps_partner_monthly_sen2_normalized_analytic_2017_09_mosaic
ps_partner_monthly_sen2_normalized_analytic_2017_10_mosaic
ps_partner_monthly_sen2_normalized_analytic_2017_11_mosaic
ps_partner_monthly_sen2_normalized_analytic_2017_12_mosaic
ps_partner_monthly_sen2_normalized_analytic_2018_01_mosaic
ps_partner_monthly_sen2_normalized_analytic_2018_02_mosaic
ps_partner_monthly_sen2_normalized_analytic_2018_03_mosaic
ps_partner_monthly_sen2_normalized_analytic_2018_04_mosaic
ps_partner_monthly_sen2_normalized_analytic_2018_05_mosaic
ps_partner_monthly_sen2_normalized_analytic_2018_06_mosaic
ps_partner_monthly_sen2_normalized_analytic_2018_07_mosaic
ps_partner_monthly_sen2_normalized_analytic_2018_08_mosaic
ps_partner_monthly_sen2_normalized_analytic_2018_09_mosaic
ps_partner_monthly_sen2_normalized_analytic_2018_10_mosaic
ps_partner_monthly_sen2_normalized_analytic_2018_11_mosaic
ps_partner_monthly_sen2_normalized_analytic_2018_12_mosaic
ps_partner_monthly_sen2_normalized_analytic_2019_01_mosaic
ps_partner_monthly_sen2_normalized_analytic_2019_02_mosaic
ps_partner_monthly_sen2_normalized_analytic_2019_03_mosaic
ps_partner_monthly_sen2_normalized_analytic_2019_04_mosaic
ps_partner_monthly_sen2_normalized_analytic_2019_05_mosaic
ps_partner_monthly_sen2_normalized_analytic_2019_06_mosaic
ps_partner_monthly_sen2_normalized_analytic_2019_07_mosaic
ps_partner_monthly_sen2_normalized_analytic_2019_08_mosaic
ps_partner_monthly_sen2_normalized_analytic_2019_09_mosaic
ps_partner_monthly_sen2_normalized_analytic_2019_10_mosaic
ps_partner_monthly_sen2_normalized_analytic_2019_11_mosaic
ps_partner_monthly_sen2_normalized_analytic_2019_12_mosaic
ps_partner_monthly_sen2_normalized_analytic_2020_01_mosaic
ps_partner_monthly_sen2_normalized_analytic_2020_02_mosaic
ps_partner_monthly_sen2_normalized_analytic_2020_03_mosaic
ps_partner_monthly_sen2_normalized_analytic_2020_04_mosaic
ps_partner_monthly_sen2_normalized_analytic_2020_05_mosaic
ps_partner_monthly_sen2_normalized_analytic_2020_06_mosaic
ps_partner_monthly_sen2_normalized_analytic_2020_07_mosaic
ps_partner_monthly_sen2_normalized_analytic_2020_08_mosaic
ps_partner_monthly_sen2_normalized_analytic_2020_09_mosaic
ps_partner_monthly_sen2_normalized_analytic_2020_10_mosaic
ps_partner_monthly_sen2_normalized_analytic_2020_11_mosaic
ps_partner_monthly_sen2_normalized_analytic_2020_12_mosaic
ps_partner_monthly_sen2_normalized_analytic_2021_01_mosaic
ps_partner_monthly_sen2_normalized_analytic_2021_02_mosaic
ps_partner_monthly_sen2_normalized_analytic_2021_03_mosaic
ps_partner_monthly_sen2_normalized_analytic_2021_04_mosaic
ps_partner_monthly_sen2_normalized_analytic_2021_05_mosaic
ps_partner_monthly_sen2_normalized_analytic_2021_06_mosaic
ps_partner_monthly_sen2_normalized_analytic_2021_07_mosaic
ps_partner_monthly_sen2_normalized_analytic_2021_08_mosaic
ps_partner_monthly_sen2_normalized_analytic_2021_09_mosaic
ps_partner_monthly_sen2_normalized_analytic_2021_10_mosaic
ps_partner_monthly_sen2_normalized_analytic_2021_11_mosaic
ps_partner_monthly_sen2_normalized_analytic_2021_12_mosaic
ps_partner_monthly_sen2_normalized_analytic_2022_01_mosaic
ps_partner_monthly_sen2_normalized_analytic_2022_02_mosaic
ps_partner_monthly_sen2_normalized_analytic_2022_03_mosaic
ps_partner_monthly_sen2_normalized_analytic_2022_04_mosaic
ps_partner_monthly_sen2_normalized_analytic_2022_05_mosaic
ps_partner_monthly_sen2_normalized_analytic_2022_06_mosaic
ps_partner_monthly_sen2_normalized_analytic_2022_07_mosaic
ps_partner_monthly_sen2_normalized_analytic_2022_08_mosaic
ps_partner_monthly_sen2_normalized_analytic_2022_09_mosaic
ps_partner_monthly_sen2_normalized_analytic_2022_10_mosaic
ps_partner_monthly_sen2_normalized_analytic_2022_11_mosaic
ps_partner_monthly_sen2_normalized_analytic_2022_12_mosaic
ps_partner_monthly_sen2_normalized_analytic_2023_01_mosaic
ps_partner_monthly_sen2_normalized_analytic_2023_02_mosaic
ps_partner_monthly_sen2_normalized_analytic_2023_03_mosaic
ps_partner_monthly_sen2_normalized_analytic_2023_04_mosaic
ps_partner_monthly_sen2_normalized_analytic_2023_05_mosaic
ps_partner_monthly_sen2_normalized_analytic_2023_06_mosaic
ps_partner_monthly_sen2_normalized_analytic_2023_07_mosaic
ps_partner_monthly_sen2_normalized_analytic_2023_08_mosaic
ps_partner_monthly_sen2_normalized_analytic_2023_09_mosaic
ps_partner_monthly_sen2_normalized_analytic_2023_10_mosaic
ps_partner_monthly_sen2_normalized_analytic_2023_11_mosaic
ps_partner_monthly_sen2_normalized_analytic_2023_12_mosaic
ps_partner_monthly_sen2_normalized_analytic_2024_01_mosaic
ps_partner_monthly_sen2_normalized_analytic_2024_02_mosaic
ps_partner_monthly_sen2_normalized_analytic_2024_03_mosaic
ps_partner_monthly_sen2_normalized_analytic_2024_04_mosaic
ps_partner_monthly_sen2_normalized_analytic_2024_05_mosaic
启用了region
None
None
None
None
None
None
None
None
None
None
已处理10张
None
None
None
None
None
None
None
None
None
None
已处理20张
None
None
None
None
None
None
None
None
None
None
已处理30张
None
None
None
None
None
None
None
None
None
None
已处理40张
None
None
None
None
None
None
None
None
None
None
已处理50张
None
None
None
None
None
None
None
None
None
None
已处理60张
None
None
None
None
None
None
None
None
None
None
已处理70张
None
/Users/zgf/Desktop/planet/2022-09/1659-1208_quad.tif
None
None
None
None
None
None
None
None
已处理80张
None
None
None
None
None
None
None
None
/Users/zgf/Desktop/planet/2022-09/1658-1205_quad.tif
None
已处理90张
None
None
None
None
None
None
None
None
None
None
已处理100张
None
None
None
None
None
None
/Users/zgf/Desktop/planet/2022-09/1657-1206_quad.tif
None
None
None
已处理110张
None
None
None
/Users/zgf/Desktop/planet/2022-09/1657-1204_quad.tif
None
None
None
None
None
None
已处理120张
None
None
None
None
None
/Users/zgf/Desktop/planet/2022-09/1657-1205_quad.tif
None
None
None
None
已处理130张
None
None
None
None
None
None
None
None
None
None
已处理140张
None
None
None
None
None
None
None
None
None
None
已处理150张
None
None
None
None
None
None
None
None
None
None
已处理160张
None
None
None
None
None
None
None
None
None
None
已处理170张
None
None
None
None
None
None
None
None
None
None
已处理180张
None
None
None
None
None
None
None
None
None
None
已处理190张
None
None
None
None
None
None
None
None
None
None
已处理200张
None
None
None
None
None
None
None
None
None
None
已处理210张
None
None
None
None
None
None
None
None
None
None
已处理220张
None
None
None
None
None
None
None
None
None
None
已处理230张
None
None
None
None
None
None
None
None
None
None
已处理240张
None
None
None
None
None
None
None
None
None
None
已处理250张
None
None
None
None
None
None
None
None
None
None
已处理260张
None
None
None
None
None
None
None
None
None
None
已处理270张
None
None
None
None
None
None
None
None
None
None
已处理280张
None
None
None
None
None
None
None
None
None
None
已处理290张
None
None
None
None
None
None
None
None
None
None
已处理300张
None
None
None
None
None
None
None
None
None
None
已处理310张
/Users/zgf/Desktop/planet/2022-09/1648-1208_quad.tif
/Users/zgf/Desktop/planet/2022-09/1648-1207_quad.tif
/Users/zgf/Desktop/planet/2022-09/1645-1204_quad.tif
None
None
/Users/zgf/Desktop/planet/2022-09/1647-1203_quad.tif
None
/Users/zgf/Desktop/planet/2022-09/1649-1206_quad.tif
/Users/zgf/Desktop/planet/2022-09/1647-1205_quad.tif
/Users/zgf/Desktop/planet/2022-09/1645-1206_quad.tif
已处理320张
None
/Users/zgf/Desktop/planet/2022-09/1644-1205_quad.tif
/Users/zgf/Desktop/planet/2022-09/1648-1205_quad.tif
/Users/zgf/Desktop/planet/2022-09/1649-1207_quad.tif
None
None
/Users/zgf/Desktop/planet/2022-09/1648-1203_quad.tif
None
None
None
已处理330张
None
None
/Users/zgf/Desktop/planet/2022-09/1649-1208_quad.tif
None
None
None
None
/Users/zgf/Desktop/planet/2022-09/1660-1221_quad.tif
/Users/zgf/Desktop/planet/2022-09/1660-1220_quad.tif
None
已处理340张
/Users/zgf/Desktop/planet/2022-09/1659-1220_quad.tif
None
None
None
None
None
None
None
None
None
已处理350张
None
None
None
None
/Users/zgf/Desktop/planet/2022-09/1657-1222_quad.tif
/Users/zgf/Desktop/planet/2022-09/1658-1221_quad.tif
None
/Users/zgf/Desktop/planet/2022-09/1658-1223_quad.tif
/Users/zgf/Desktop/planet/2022-09/1659-1221_quad.tif
None
已处理360张
None
None
None
None
None
None
/Users/zgf/Desktop/planet/2022-09/1661-1221_quad.tif
None
None
/Users/zgf/Desktop/planet/2022-09/1658-1219_quad.tif
已处理370张
/Users/zgf/Desktop/planet/2022-09/1657-1220_quad.tif
None
/Users/zgf/Desktop/planet/2022-09/1658-1220_quad.tif
None
/Users/zgf/Desktop/planet/2022-09/1657-1221_quad.tif
/Users/zgf/Desktop/planet/2022-09/1656-1222_quad.tif
/Users/zgf/Desktop/planet/2022-09/1656-1219_quad.tif
/Users/zgf/Desktop/planet/2022-09/1656-1220_quad.tif
None
None
已处理380张
None
None
None
None
None
None
None
None
None
None
已处理390张
None
None
None
None
None
None
None
None
None
None
已处理400张
None
None
None
None
None
None
None
None
None
None
已处理410张
None
None
None
None
None
None
None
None
/Users/zgf/Desktop/planet/2022-09/1656-1218_quad.tif
None
已处理420张
None
None
None
None
None
None
None
None
None
None
已处理430张
None
None
None
None
None
None
None
None
None
None
已处理440张
None
None
None
None
None
/Users/zgf/Desktop/planet/2022-09/1657-1217_quad.tif
None
None
None
None
已处理450张
None
/Users/zgf/Desktop/planet/2022-09/1656-1217_quad.tif
/Users/zgf/Desktop/planet/2022-09/1658-1217_quad.tif
/Users/zgf/Desktop/planet/2022-09/1657-1216_quad.tif
None
None
/Users/zgf/Desktop/planet/2022-09/1657-1218_quad.tif
/Users/zgf/Desktop/planet/2022-09/1659-1217_quad.tif
None
None
已处理460张
None
None
None
None
None
None
None
None
None
None
已处理470张
None
/Users/zgf/Desktop/planet/2022-09/1658-1218_quad.tif
None
None
None
None
/Users/zgf/Desktop/planet/2022-09/1659-1218_quad.tif
/Users/zgf/Desktop/planet/2022-09/1657-1219_quad.tif
None
None
已处理480张
None
None
None
None
None
None
None
None
None
None
已处理490张
None
None
None
None
None
None
None
None
None
None
已处理500张
None
None
None
None
None
None
None
None
None
None
已处理510张
None
None
None
None
None
None
None
None
None
None
已处理520张
None
None
None
None
None
None
None
None
None
None
已处理530张
None
None
None
None
None
None
None
None
None
None
已处理540张
/Users/zgf/Desktop/planet/2022-09/1656-1216_quad.tif
None
None
None
None
None
None
None
None
/Users/zgf/Desktop/planet/2022-09/1659-1219_quad.tif
已处理550张
None
None
None
None
None
None
None
None
None
None
已处理560张
None
None
None
None
None
None
None
None
None
None
已处理570张
None
None
None
None
None
None
None
None
None
None
已处理580张
None
None
None
None
None
/Users/zgf/Desktop/planet/2022-09/1656-1221_quad.tif
None
None
None
None
已处理590张
None
None
None
None
None
None
None
None
None
None
已处理600张
None
None
None
None
None
None
None
None
None
None
已处理610张
None
None
None
None
None
None
None
None
None
/Users/zgf/Desktop/planet/2022-09/1660-1219_quad.tif
已处理620张
None
None
None
None
None
None
None
None
None
None
已处理630张
None
None
None
None
None
None
None
None
None
None
已处理640张
None
None
None
None
None
None
None
None
None
None
已处理650张
None
None
None
None
None
None
None
None
None
None
已处理660张
None
None
None
None
None
None
None
None
None
None
已处理670张
None
None
None
None
None
None
None
None
None
None
已处理680张
None
None
None
None
None
None
None
None
None
None
已处理690张
None
None
None
None
None
None
None
None
None
None
已处理700张
None
None
None
None
None
None
None
None
None
None
已处理710张
None
None
None
None
None
None
None
None
None
None
已处理720张
None
None
None
None
None
None
None
None
None
None
已处理730张
None
None
None
None
None
None
None
None
None
None
已处理740张
None
None
None
None
None
None
None
None
None
None
已处理750张
None
None
None
None
None
None
None
None
None
None
已处理760张
None
None
None
None
None
None
None
None
None
None
已处理770张
None
None
None
None
None
None
None
None
None
None
已处理780张
None
None
None
None
None
None
None
None
None
None
已处理790张
None
None
None
None
None
None
None
None
None
None
已处理800张
None
None
None
None
None
None
None
None
None
None
已处理810张
None
None
None
None
None
None
None
None
None
None
已处理820张
None
None
None
None
None
None
None
None
None
None
已处理830张
None
None
None
None
None
None
None
None
None
None
已处理840张
None
None
None
None
None
None
None
None
None
None
已处理850张
None
None
None
None
None
None
None
None
None
None
已处理860张
None
None
None
None
None
None
None
None
None
None
已处理870张
None
None
None
None
None
None
None
None
None
None
已处理880张
None
None
None
None
None
None
None
None
None
None
已处理890张
None
None
None
None
None
None
None
None
None
None
已处理900张
None
None
None
None
None
None
None
None
None
None
已处理910张
None
None
None
None
None
None
None
None
None
None
已处理920张
None
None
None
None
None
None
None
None
None
None
已处理930张
None
None
None
None
None
None
None
None
None
None
已处理940张
None
None
None
None
None
None
None
None
None
None
已处理950张
None
None
None
/Users/zgf/Desktop/planet/2022-09/1645-1198_quad.tif
None
/Users/zgf/Desktop/planet/2022-09/1644-1200_quad.tif
/Users/zgf/Desktop/planet/2022-09/1647-1202_quad.tif
None
/Users/zgf/Desktop/planet/2022-09/1646-1199_quad.tif
None
已处理960张
None
/Users/zgf/Desktop/planet/2022-09/1645-1197_quad.tif
/Users/zgf/Desktop/planet/2022-09/1644-1202_quad.tif
None
None
None
None
/Users/zgf/Desktop/planet/2022-09/1646-1200_quad.tif
None
None
已处理970张
/Users/zgf/Desktop/planet/2022-09/1647-1201_quad.tif
None
None
None
None
None
None
/Users/zgf/Desktop/planet/2022-09/1644-1201_quad.tif
/Users/zgf/Desktop/planet/2022-09/1644-1199_quad.tif
None
已处理980张
/Users/zgf/Desktop/planet/2022-09/1645-1200_quad.tif
None
/Users/zgf/Desktop/planet/2022-09/1646-1202_quad.tif
None
None
None
None
None
None
None
已处理990张
/Users/zgf/Desktop/planet/2022-09/1645-1199_quad.tif
None
None
None
None
None
None
None
None
None
已处理1000张
None
/Users/zgf/Desktop/planet/2022-09/1645-1201_quad.tif
None
None
None
None
None
None
None
None
已处理1010张
None
None
None
None
None
None
None
None
None
None
已处理1020张
None
None
None
None
None
None
None
None
None
None
已处理1030张
None
None
None
None
None
None
None
None
None
None
已处理1040张
None
None
None
None
None
None
None
None
None
None
已处理1050张
None
None
None
None
None
None
None
None
None
None
已处理1060张
None
None
None
None
None
None
None
None
None
None
已处理1070张
None
None
None
None
None
None
None
None
None
None
已处理1080张
None
None
None
None
None
None
None
None
None
None
已处理1090张
None
None
None
None
None
None
None
None
None
/Users/zgf/Desktop/planet/2022-09/1644-1198_quad.tif
已处理1100张
None
/Users/zgf/Desktop/planet/2022-09/1664-1213_quad.tif
None
/Users/zgf/Desktop/planet/2022-09/1664-1212_quad.tif
None
/Users/zgf/Desktop/planet/2022-09/1654-1210_quad.tif
/Users/zgf/Desktop/planet/2022-09/1655-1213_quad.tif
/Users/zgf/Desktop/planet/2022-09/1654-1209_quad.tif
/Users/zgf/Desktop/planet/2022-09/1651-1210_quad.tif
None
已处理1110张
/Users/zgf/Desktop/planet/2022-09/1655-1211_quad.tif
None
/Users/zgf/Desktop/planet/2022-09/1654-1212_quad.tif
None
None
None
/Users/zgf/Desktop/planet/2022-09/1643-1201_quad.tif
None
None
/Users/zgf/Desktop/planet/2022-09/1643-1200_quad.tif
已处理1120张
None
/Users/zgf/Desktop/planet/2022-09/1643-1202_quad.tif
None
None
/Users/zgf/Desktop/planet/2022-09/1642-1202_quad.tif
None
None
None
None
None
已处理1130张
None
None
None
None
None
None
None
None
None
None
已处理1140张
None
None
None
None
None
None
None
None
None
None
已处理1150张
None
None
None
None
None
None
None
None
None
/Users/zgf/Desktop/planet/2022-09/1643-1199_quad.tif
已处理1160张
None
None
None
None
None
None
None
None
None
None
已处理1170张
None
None
None
None
None
None
None
None
None
None
已处理1180张
None
None
/Users/zgf/Desktop/planet/2022-09/1642-1201_quad.tif
None
None
None
None
None
None
None
已处理1190张
None
None
None
None
None
None
None
None
None
None
已处理1200张
None
None
None
None
None
None
None
None
None
None
已处理1210张
None
None
None
None
None
/Users/zgf/Desktop/planet/2022-09/1644-1197_quad.tif
/Users/zgf/Desktop/planet/2022-09/1643-1205_quad.tif
None
/Users/zgf/Desktop/planet/2022-09/1644-1207_quad.tif
/Users/zgf/Desktop/planet/2022-09/1642-1204_quad.tif
已处理1220张
None
/Users/zgf/Desktop/planet/2022-09/1643-1203_quad.tif
None
None
None
None
None
None
/Users/zgf/Desktop/planet/2022-09/1648-1215_quad.tif
/Users/zgf/Desktop/planet/2022-09/1647-1215_quad.tif
已处理1230张
None
None
None
None
/Users/zgf/Desktop/planet/2022-09/1647-1214_quad.tif
None
None
None
None
None
已处理1240张
/Users/zgf/Desktop/planet/2022-09/1655-1210_quad.tif
/Users/zgf/Desktop/planet/2022-09/1656-1210_quad.tif
None
/Users/zgf/Desktop/planet/2022-09/1656-1211_quad.tif
None
/Users/zgf/Desktop/planet/2022-09/1658-1216_quad.tif
None
None
/Users/zgf/Desktop/planet/2022-09/1655-1215_quad.tif
None
已处理1250张
None
/Users/zgf/Desktop/planet/2022-09/1656-1213_quad.tif
None
None
/Users/zgf/Desktop/planet/2022-09/1656-1212_quad.tif
/Users/zgf/Desktop/planet/2022-09/1655-1216_quad.tif
None
None
None
/Users/zgf/Desktop/planet/2022-09/1656-1215_quad.tif
已处理1260张
/Users/zgf/Desktop/planet/2022-09/1655-1214_quad.tif
None
/Users/zgf/Desktop/planet/2022-09/1656-1214_quad.tif
None
None
None
None
None
None
/Users/zgf/Desktop/planet/2022-09/1655-1212_quad.tif
已处理1270张
None
None
None
None
None
/Users/zgf/Desktop/planet/2022-09/1657-1215_quad.tif
None
None
None
None
已处理1280张
None
None
None
None
None
None
None
None
None
None
已处理1290张
None
None
None
None
None
None
None
None
None
None
已处理1300张
None
None
None
None
None
None
None
None
None
None
已处理1310张
None
None
None
None
None
None
None
/Users/zgf/Desktop/planet/2022-09/1662-1221_quad.tif
/Users/zgf/Desktop/planet/2022-09/1661-1220_quad.tif
/Users/zgf/Desktop/planet/2022-09/1662-1220_quad.tif
已处理1320张
None
None
None
None
None
None
None
None
None
None
已处理1330张
None
None
None
None
None
/Users/zgf/Desktop/planet/2022-09/1662-1222_quad.tif
None
/Users/zgf/Desktop/planet/2022-09/1666-1218_quad.tif
None
/Users/zgf/Desktop/planet/2022-09/1666-1217_quad.tif
已处理1340张
None
None
None
None
None
None
/Users/zgf/Desktop/planet/2022-09/1665-1205_quad.tif
/Users/zgf/Desktop/planet/2022-09/1664-1204_quad.tif
/Users/zgf/Desktop/planet/2022-09/1664-1205_quad.tif
None
已处理1350张
/Users/zgf/Desktop/planet/2022-09/1664-1206_quad.tif
/Users/zgf/Desktop/planet/2022-09/1663-1208_quad.tif
None
/Users/zgf/Desktop/planet/2022-09/1662-1203_quad.tif
None
None
None
/Users/zgf/Desktop/planet/2022-09/1661-1203_quad.tif
/Users/zgf/Desktop/planet/2022-09/1662-1207_quad.tif
/Users/zgf/Desktop/planet/2022-09/1662-1208_quad.tif
已处理1360张
None
None
/Users/zgf/Desktop/planet/2022-09/1665-1204_quad.tif
None
None
None
None
None
None
None
已处理1370张
/Users/zgf/Desktop/planet/2022-09/1665-1203_quad.tif
None
/Users/zgf/Desktop/planet/2022-09/1662-1205_quad.tif
None
/Users/zgf/Desktop/planet/2022-09/1662-1204_quad.tif
/Users/zgf/Desktop/planet/2022-09/1663-1203_quad.tif
None
None
None
None
已处理1380张
None
None
/Users/zgf/Desktop/planet/2022-09/1663-1209_quad.tif
None
None
None
None
None
None
None
已处理1390张
None
None
None
None
None
None
None
None
None
None
已处理1400张
None
/Users/zgf/Desktop/planet/2022-09/1665-1206_quad.tif
None
/Users/zgf/Desktop/planet/2022-09/1663-1205_quad.tif
None
None
None
None
None
/Users/zgf/Desktop/planet/2022-09/1661-1201_quad.tif
已处理1410张
/Users/zgf/Desktop/planet/2022-09/1664-1201_quad.tif
/Users/zgf/Desktop/planet/2022-09/1664-1200_quad.tif
/Users/zgf/Desktop/planet/2022-09/1663-1201_quad.tif
None
None
None
/Users/zgf/Desktop/planet/2022-09/1662-1201_quad.tif
None
/Users/zgf/Desktop/planet/2022-09/1663-1202_quad.tif
None
已处理1420张
None
/Users/zgf/Desktop/planet/2022-09/1661-1202_quad.tif
None
/Users/zgf/Desktop/planet/2022-09/1661-1200_quad.tif
/Users/zgf/Desktop/planet/2022-09/1662-1202_quad.tif
/Users/zgf/Desktop/planet/2022-09/1664-1202_quad.tif
None
None
None
None
已处理1430张
None
None
None
None
None
/Users/zgf/Desktop/planet/2022-09/1662-1200_quad.tif
None
None
/Users/zgf/Desktop/planet/2022-09/1663-1200_quad.tif
None
已处理1440张
None
None
None
None
None
None
None
None
None
None
已处理1450张
None
None
None
None
None
None
None
None
None
None
已处理1460张
None
None
None
None
None
None
None
None
None
None
已处理1470张
None
None
None
None
None
None
None
None
None
None
已处理1480张
None
None
None
None
None
None
None
None
None
None
已处理1490张
None
None
None
None
None
None
None
None
None
None
已处理1500张
None
None
None
None
None
None
None
None
None
None
已处理1510张
None
None
None
None
None
None
None
None
None
None
已处理1520张
None
None
None
None
None
None
None
None
None
None
已处理1530张
None
None
/Users/zgf/Desktop/planet/2022-09/1665-1202_quad.tif
None
None
None
None
None
None
None
已处理1540张
None
None
None
None
None
None
None
None
None
None
已处理1550张
None
None
None
None
None
None
None
None
None
None
已处理1560张
None
None
None
None
None
None
None
None
None
None
已处理1570张
None
None
None
None
None
None
None
None
None
None
已处理1580张
None
None
None
None
None
None
None
None
None
None
已处理1590张
None
None
None
None
None
None
None
None
None
None
已处理1600张
None
None
None
None
None
None
None
None
None
None
已处理1610张
/Users/zgf/Desktop/planet/2022-09/1650-1218_quad.tif
/Users/zgf/Desktop/planet/2022-09/1650-1217_quad.tif
None
None
None
None
None
None
None
None
已处理1620张
None
None
None
None
None
None
None
None
None
None
已处理1630张
None
None
/Users/zgf/Desktop/planet/2022-09/1650-1216_quad.tif
None
None
None
None
None
/Users/zgf/Desktop/planet/2022-09/1650-1219_quad.tif
None
已处理1640张
None
/Users/zgf/Desktop/planet/2022-09/1650-1222_quad.tif
None
None
None
None
None
None
None
None
已处理1650张
None
None
None
None
None
None
None
None
None
None
已处理1660张
None
None
None
None
None
None
None
None
None
None
已处理1670张
None
None
None
None
None
None
None
None
None
None
已处理1680张
None
None
None
None
None
None
None
None
None
None
已处理1690张
None
None
None
None
None
None
None
/Users/zgf/Desktop/planet/2022-09/1653-1203_quad.tif
None
/Users/zgf/Desktop/planet/2022-09/1654-1204_quad.tif
已处理1700张
None
/Users/zgf/Desktop/planet/2022-09/1654-1208_quad.tif
/Users/zgf/Desktop/planet/2022-09/1655-1208_quad.tif
None
None
None
None
None
None
None
已处理1710张
None
None
None
None
None
None
None
None
None
None
已处理1720张
None
None
None
None
None
None
None
None
None
None
已处理1730张
None
None
None
None
None
None
None
None
None
None
已处理1740张
None
None
None
None
None
None
None
None
None
None
已处理1750张
None
None
None
None
None
None
/Users/zgf/Desktop/planet/2022-09/1653-1204_quad.tif
None
None
None
已处理1760张
None
None
None
None
None
None
None
None
None
None
已处理1770张
None
None
None
None
None
None
None
None
None
None
已处理1780张
/Users/zgf/Desktop/planet/2022-09/1655-1207_quad.tif
None
None
None
None
None
None
None
None
None
已处理1790张
None
None
None
None
None
None
None
None
None
None
已处理1800张
None
None
None
None
None
None
None
None
None
None
已处理1810张
None
/Users/zgf/Desktop/planet/2022-09/1681-1204_quad.tif
None
None
/Users/zgf/Desktop/planet/2022-09/1681-1203_quad.tif
/Users/zgf/Desktop/planet/2022-09/1680-1203_quad.tif
None
/Users/zgf/Desktop/planet/2022-09/1682-1203_quad.tif
None
/Users/zgf/Desktop/planet/2022-09/1682-1204_quad.tif
已处理1820张
/Users/zgf/Desktop/planet/2022-09/1681-1206_quad.tif
None
None
/Users/zgf/Desktop/planet/2022-09/1680-1205_quad.tif
/Users/zgf/Desktop/planet/2022-09/1681-1207_quad.tif
/Users/zgf/Desktop/planet/2022-09/1680-1207_quad.tif
None
None
None
/Users/zgf/Desktop/planet/2022-09/1683-1203_quad.tif
已处理1830张
None
/Users/zgf/Desktop/planet/2022-09/1681-1208_quad.tif
None
None
/Users/zgf/Desktop/planet/2022-09/1680-1208_quad.tif
None
None
None
None
None
已处理1840张
None
None
None
None
None
None
None
None
None
None
已处理1850张
None
None
None
/Users/zgf/Desktop/planet/2022-09/1681-1205_quad.tif
None
/Users/zgf/Desktop/planet/2022-09/1679-1207_quad.tif
None
None
/Users/zgf/Desktop/planet/2022-09/1678-1206_quad.tif
None
已处理1860张
/Users/zgf/Desktop/planet/2022-09/1680-1206_quad.tif
None
None
None
None
None
None
None
None
/Users/zgf/Desktop/planet/2022-09/1683-1209_quad.tif
已处理1870张
None
/Users/zgf/Desktop/planet/2022-09/1683-1208_quad.tif
None
None
/Users/zgf/Desktop/planet/2022-09/1683-1204_quad.tif
None
None
None
None
/Users/zgf/Desktop/planet/2022-09/1678-1203_quad.tif
已处理1880张
None
None
None
None
None
None
None
None
None
None
已处理1890张
None
None
None
None
None
None
None
None
None
None
已处理1900张
None
None
None
None
None
None
None
None
None
None
已处理1910张
None
None
None
None
None
None
None
None
None
None
已处理1920张
None
None
None
None
None
None
None
None
None
None
已处理1930张
None
None
None
None
None
None
None
None
None
None
已处理1940张
None
None
None
None
None
None
None
None
None
None
已处理1950张
None
None
None
/Users/zgf/Desktop/planet/2022-09/1680-1204_quad.tif
None
None
None
None
/Users/zgf/Desktop/planet/2022-09/1682-1208_quad.tif
None
已处理1960张
None
None
None
None
None
None
None
None
None
None
已处理1970张
None
None
None
None
None
None
None
None
None
None
已处理1980张
None
None
None
None
None
None
None
None
None
None
已处理1990张
None
None
None
None
None
None
None
None
None
None
已处理2000张
None
None
None
None
None
None
None
/Users/zgf/Desktop/planet/2022-09/1679-1206_quad.tif
None
None
已处理2010张
None
None
None
None
None
None
None
None
None
None
已处理2020张
None
None
None
None
None
None
None
None
None
None
已处理2030张
None
None
None
None
None
None
None
None
None
None
已处理2040张
None
None
None
None
None
None
None
None
None
None
已处理2050张
None
None
None
None
None
None
None
None
None
None
已处理2060张
None
None
None
None
None
None
None
None
None
None
已处理2070张
None
None
None
None
None
None
None
None
None
None
已处理2080张
None
None
None
None
None
None
None
None
None
None
已处理2090张
None
None
None
/Users/zgf/Desktop/planet/2022-09/1679-1205_quad.tif
None
None
None
/Users/zgf/Desktop/planet/2022-09/1679-1208_quad.tif
None
None
已处理2100张
None
None
None
None
/Users/zgf/Desktop/planet/2022-09/1682-1207_quad.tif
None
None
None
None
None
已处理2110张
None
None
None
/Users/zgf/Desktop/planet/2022-09/1682-1205_quad.tif
None
None
None
None
None
None
已处理2120张
None
None
None
None
None
None
None
None
None
None
已处理2130张
None
None
None
None
None
None
None
None
None
None
已处理2140张
None
None
None
None
None
None
None
None
None
None
已处理2150张
None
None
None
None
None
None
None
/Users/zgf/Desktop/planet/2022-09/1678-1205_quad.tif
None
None
已处理2160张
None
None
None
None
None
None
None
None
None
None
已处理2170张
None
None
None
None
None
None
None
None
None
None
已处理2180张
None
None
None
None
None
None
None
None
None
None
已处理2190张
None
None
None
None
None
None
None
None
None
None
已处理2200张
None
None
None
None
None
None
None
None
None
None
已处理2210张
None
None
None
None
None
None
None
None
None
None
已处理2220张
None
None
None
None
None
/Users/zgf/Desktop/planet/2022-09/1683-1206_quad.tif
None
None
None
None
已处理2230张
None
None
None
None
None
None
None
None
None
None
已处理2240张
None
None
None
None
None
None
None
None
None
None
已处理2250张
None
None
None
None
None
None
None
None
None
None
已处理2260张
None
None
None
None
/Users/zgf/Desktop/planet/2022-09/1679-1204_quad.tif
None
None
None
None
None
