global_monthly_2016_01_mosaic
global_monthly_2016_02_mosaic
global_monthly_2016_03_mosaic
global_monthly_2016_04_mosaic
global_monthly_2016_05_mosaic
global_monthly_2016_06_mosaic
global_monthly_2016_07_mosaic
global_monthly_2016_08_mosaic
global_monthly_2016_09_mosaic
global_monthly_2016_10_mosaic
global_monthly_2016_11_mosaic
global_monthly_2016_12_mosaic
global_monthly_2017_01_mutate_mosaic
global_monthly_2017_02_mosaic
global_monthly_2017_03_mosaic
global_monthly_2017_04_mosaic
global_monthly_2017_05_mosaic
global_monthly_2017_06_mosaic
global_monthly_2017_07_mosaic
global_monthly_2017_08_mosaic
global_monthly_2017_09_mosaic
global_monthly_2017_10_mosaic
global_monthly_2017_11_mosaic
global_monthly_2017_12_mosaic
global_monthly_2018_01_mosaic
global_monthly_2018_02_mosaic
global_monthly_2018_03_mosaic
global_monthly_2018_04_mosaic
global_monthly_2018_05_mosaic
global_monthly_2018_06_mosaic
global_monthly_2018_07_mosaic
global_monthly_2018_08_mosaic
global_monthly_2018_09_mosaic
global_monthly_2018_10_mosaic
global_monthly_2018_11_mosaic
global_monthly_2018_12_mosaic
global_monthly_2019_01_mosaic
global_monthly_2019_02_mosaic
global_monthly_2019_03_mosaic
global_monthly_2019_04_mosaic
global_monthly_2019_05_mosaic
global_monthly_2019_06_mosaic
global_monthly_2019_07_mosaic
global_monthly_2019_08_mosaic
global_monthly_2019_09_mosaic
global_monthly_2019_10_mosaic
global_monthly_2019_11_mosaic
global_monthly_2019_12_mosaic
global_monthly_2020_01_mosaic
global_monthly_2020_02_mosaic
global_monthly_2020_03_mosaic
global_monthly_2020_04_mosaic
global_monthly_2020_05_mosaic
global_monthly_2020_06_mosaic
global_monthly_2020_07_mosaic
global_monthly_2020_08_mosaic
global_monthly_2020_09_mosaic
global_monthly_2020_10_mosaic
global_monthly_2020_11_mosaic
global_monthly_2020_12_mosaic
global_monthly_2021_01_mosaic
global_monthly_2021_02_mosaic
global_monthly_2021_03_mosaic
global_monthly_2021_04_mosaic
global_monthly_2021_05_mosaic
global_monthly_2021_06_mosaic
global_monthly_2021_07_mosaic
global_monthly_2021_08_mosaic
global_monthly_2021_09_mosaic
global_monthly_2021_10_mosaic
global_monthly_2021_11_mosaic
global_monthly_2021_12_mosaic
global_monthly_2022_01_mosaic
global_monthly_2022_02_mosaic
global_monthly_2022_03_mosaic
global_monthly_2022_04_mosaic
global_monthly_2022_05_mosaic
global_monthly_2022_06_mosaic
global_monthly_2022_07_mosaic
global_monthly_2022_08_mosaic
global_monthly_2022_09_mosaic
global_monthly_2022_10_mosaic
global_monthly_2022_11_mosaic
global_monthly_2022_12_mosaic
global_monthly_2023_01_mosaic
global_monthly_2023_02_mosaic
global_monthly_2023_03_mosaic
global_monthly_2023_04_mosaic
global_monthly_2023_05_mosaic
global_monthly_2023_06_mosaic
global_monthly_2023_07_mosaic
global_monthly_2023_08_mosaic
global_monthly_2023_09_mosaic
global_monthly_2023_10_mosaic
global_monthly_2023_11_mosaic
global_monthly_2023_12_mosaic
global_monthly_2024_01_mosaic
global_monthly_2024_02_mosaic
global_monthly_2024_03_mosaic
global_monthly_2024_04_mosaic
global_monthly_2024_05_mosaic
global_quarterly_2016q1_mosaic
global_quarterly_2016q2_mosaic
global_quarterly_2016q3_mosaic
global_quarterly_2016q4_mosaic
global_quarterly_2017q1_mosaic
global_quarterly_2017q2_mosaic
global_quarterly_2017q3_mosaic
global_quarterly_2017q4_mosaic
global_quarterly_2018q1_mosaic
global_quarterly_2018q2_mosaic
global_quarterly_2018q3_mosaic
global_quarterly_2018q4_mosaic
global_quarterly_2019q1_mosaic
global_quarterly_2019q2_mosaic
global_quarterly_2019q3_mosaic
global_quarterly_2019q4_mosaic
global_quarterly_2020q1_mosaic
global_quarterly_2020q2_mosaic
global_quarterly_2020q3_mosaic
global_quarterly_2020q4_mosaic
global_quarterly_2021q1_mosaic
global_quarterly_2021q2_mosaic
global_quarterly_2021q3_mosaic
global_quarterly_2021q4_mosaic
global_quarterly_2022q1_mosaic
global_quarterly_2022q2_mosaic
global_quarterly_2022q3_mosaic
global_quarterly_2022q4_mosaic
global_quarterly_2023q1_mosaic
global_quarterly_2023q2_mosaic
global_quarterly_2023q3_mosaic
global_quarterly_2023q4_mosaic
global_quarterly_2024q1_mosaic
ps_partner_monthly_sen2_normalized_analytic_2017_01_mosaic
ps_partner_monthly_sen2_normalized_analytic_2017_02_mosaic
ps_partner_monthly_sen2_normalized_analytic_2017_03_mosaic
ps_partner_monthly_sen2_normalized_analytic_2017_04_mosaic
ps_partner_monthly_sen2_normalized_analytic_2017_05_mosaic
ps_partner_monthly_sen2_normalized_analytic_2017_06_mosaic
ps_partner_monthly_sen2_normalized_analytic_2017_07_mosaic
ps_partner_monthly_sen2_normalized_analytic_2017_08_mosaic
ps_partner_monthly_sen2_normalized_analytic_2017_09_mosaic
ps_partner_monthly_sen2_normalized_analytic_2017_10_mosaic
ps_partner_monthly_sen2_normalized_analytic_2017_11_mosaic
ps_partner_monthly_sen2_normalized_analytic_2017_12_mosaic
ps_partner_monthly_sen2_normalized_analytic_2018_01_mosaic
ps_partner_monthly_sen2_normalized_analytic_2018_02_mosaic
ps_partner_monthly_sen2_normalized_analytic_2018_03_mosaic
ps_partner_monthly_sen2_normalized_analytic_2018_04_mosaic
ps_partner_monthly_sen2_normalized_analytic_2018_05_mosaic
ps_partner_monthly_sen2_normalized_analytic_2018_06_mosaic
ps_partner_monthly_sen2_normalized_analytic_2018_07_mosaic
ps_partner_monthly_sen2_normalized_analytic_2018_08_mosaic
ps_partner_monthly_sen2_normalized_analytic_2018_09_mosaic
ps_partner_monthly_sen2_normalized_analytic_2018_10_mosaic
ps_partner_monthly_sen2_normalized_analytic_2018_11_mosaic
ps_partner_monthly_sen2_normalized_analytic_2018_12_mosaic
ps_partner_monthly_sen2_normalized_analytic_2019_01_mosaic
ps_partner_monthly_sen2_normalized_analytic_2019_02_mosaic
ps_partner_monthly_sen2_normalized_analytic_2019_03_mosaic
ps_partner_monthly_sen2_normalized_analytic_2019_04_mosaic
ps_partner_monthly_sen2_normalized_analytic_2019_05_mosaic
ps_partner_monthly_sen2_normalized_analytic_2019_06_mosaic
ps_partner_monthly_sen2_normalized_analytic_2019_07_mosaic
ps_partner_monthly_sen2_normalized_analytic_2019_08_mosaic
ps_partner_monthly_sen2_normalized_analytic_2019_09_mosaic
ps_partner_monthly_sen2_normalized_analytic_2019_10_mosaic
ps_partner_monthly_sen2_normalized_analytic_2019_11_mosaic
ps_partner_monthly_sen2_normalized_analytic_2019_12_mosaic
ps_partner_monthly_sen2_normalized_analytic_2020_01_mosaic
ps_partner_monthly_sen2_normalized_analytic_2020_02_mosaic
ps_partner_monthly_sen2_normalized_analytic_2020_03_mosaic
ps_partner_monthly_sen2_normalized_analytic_2020_04_mosaic
ps_partner_monthly_sen2_normalized_analytic_2020_05_mosaic
ps_partner_monthly_sen2_normalized_analytic_2020_06_mosaic
ps_partner_monthly_sen2_normalized_analytic_2020_07_mosaic
ps_partner_monthly_sen2_normalized_analytic_2020_08_mosaic
ps_partner_monthly_sen2_normalized_analytic_2020_09_mosaic
ps_partner_monthly_sen2_normalized_analytic_2020_10_mosaic
ps_partner_monthly_sen2_normalized_analytic_2020_11_mosaic
ps_partner_monthly_sen2_normalized_analytic_2020_12_mosaic
ps_partner_monthly_sen2_normalized_analytic_2021_01_mosaic
ps_partner_monthly_sen2_normalized_analytic_2021_02_mosaic
ps_partner_monthly_sen2_normalized_analytic_2021_03_mosaic
ps_partner_monthly_sen2_normalized_analytic_2021_04_mosaic
ps_partner_monthly_sen2_normalized_analytic_2021_05_mosaic
ps_partner_monthly_sen2_normalized_analytic_2021_06_mosaic
ps_partner_monthly_sen2_normalized_analytic_2021_07_mosaic
ps_partner_monthly_sen2_normalized_analytic_2021_08_mosaic
ps_partner_monthly_sen2_normalized_analytic_2021_09_mosaic
ps_partner_monthly_sen2_normalized_analytic_2021_10_mosaic
ps_partner_monthly_sen2_normalized_analytic_2021_11_mosaic
ps_partner_monthly_sen2_normalized_analytic_2021_12_mosaic
ps_partner_monthly_sen2_normalized_analytic_2022_01_mosaic
ps_partner_monthly_sen2_normalized_analytic_2022_02_mosaic
ps_partner_monthly_sen2_normalized_analytic_2022_03_mosaic
ps_partner_monthly_sen2_normalized_analytic_2022_04_mosaic
ps_partner_monthly_sen2_normalized_analytic_2022_05_mosaic
ps_partner_monthly_sen2_normalized_analytic_2022_06_mosaic
ps_partner_monthly_sen2_normalized_analytic_2022_07_mosaic
ps_partner_monthly_sen2_normalized_analytic_2022_08_mosaic
ps_partner_monthly_sen2_normalized_analytic_2022_09_mosaic
ps_partner_monthly_sen2_normalized_analytic_2022_10_mosaic
ps_partner_monthly_sen2_normalized_analytic_2022_11_mosaic
ps_partner_monthly_sen2_normalized_analytic_2022_12_mosaic
ps_partner_monthly_sen2_normalized_analytic_2023_01_mosaic
ps_partner_monthly_sen2_normalized_analytic_2023_02_mosaic
ps_partner_monthly_sen2_normalized_analytic_2023_03_mosaic
ps_partner_monthly_sen2_normalized_analytic_2023_04_mosaic
ps_partner_monthly_sen2_normalized_analytic_2023_05_mosaic
ps_partner_monthly_sen2_normalized_analytic_2023_06_mosaic
ps_partner_monthly_sen2_normalized_analytic_2023_07_mosaic
ps_partner_monthly_sen2_normalized_analytic_2023_08_mosaic
ps_partner_monthly_sen2_normalized_analytic_2023_09_mosaic
ps_partner_monthly_sen2_normalized_analytic_2023_10_mosaic
ps_partner_monthly_sen2_normalized_analytic_2023_11_mosaic
ps_partner_monthly_sen2_normalized_analytic_2023_12_mosaic
ps_partner_monthly_sen2_normalized_analytic_2024_01_mosaic
ps_partner_monthly_sen2_normalized_analytic_2024_02_mosaic
ps_partner_monthly_sen2_normalized_analytic_2024_03_mosaic
ps_partner_monthly_sen2_normalized_analytic_2024_04_mosaic
ps_partner_monthly_sen2_normalized_analytic_2024_05_mosaic
<__main__.Mosaic object at 0x101b150a0> mosaic
启用了region
/Users/zgf/Desktop/planet/q2205/1648-1219_quad.tif
None
None
/Users/zgf/Desktop/planet/q2205/1647-1219_quad.tif
None
None
None
None
None
None
None
None
/Users/zgf/Desktop/planet/q2205/1647-1220_quad.tif
None
None
None
None
None
None
None
None
None
None
None
/Users/zgf/Desktop/planet/q2205/1648-1218_quad.tif
None
None
None
/Users/zgf/Desktop/planet/q2205/1648-1220_quad.tif
None
None
None
None
None
None
None
None
None
None
None
None
None
None
None
None
None
None
None
None
None
None
None
None
None
None
None
None
None
None
None
None
None
None
None
None
None
None
None
None
None
None
None
None
None
None
None
None
None
None
None
/Users/zgf/Desktop/planet/q2205/1645-1205_quad.tif
/Users/zgf/Desktop/planet/q2205/1649-1208_quad.tif
/Users/zgf/Desktop/planet/q2205/1648-1207_quad.tif
None
/Users/zgf/Desktop/planet/q2205/1649-1204_quad.tif
/Users/zgf/Desktop/planet/q2205/1645-1206_quad.tif
/Users/zgf/Desktop/planet/q2205/1646-1203_quad.tif
None
None
None
None
None
None
None
None
None
None
None
None
None
None
/Users/zgf/Desktop/planet/q2205/1648-1208_quad.tif
None
None
None
/Users/zgf/Desktop/planet/q2205/1644-1209_quad.tif
/Users/zgf/Desktop/planet/q2205/1648-1209_quad.tif
None
None
None
/Users/zgf/Desktop/planet/q2205/1647-1208_quad.tif
None
None
None
/Users/zgf/Desktop/planet/q2205/1644-1208_quad.tif
None
/Users/zgf/Desktop/planet/q2205/1644-1207_quad.tif
None
None
None
None
None
None
None
None
None
None
None
None
None
None
None
None
None
None
None
None
None
None
None
None
None
None
None
None
None
None
None
None
None
None
None
None
None
None
None
None
None
None
None
None
None
None
None
None
None
None
None
None
None
None
None
None
None
None
None
None
None
None
None
/Users/zgf/Desktop/planet/q2205/1658-1222_quad.tif
None
None
/Users/zgf/Desktop/planet/q2205/1658-1221_quad.tif
/Users/zgf/Desktop/planet/q2205/1659-1222_quad.tif
None
None
None
None
/Users/zgf/Desktop/planet/q2205/1657-1222_quad.tif
/Users/zgf/Desktop/planet/q2205/1658-1220_quad.tif
None
None
None
/Users/zgf/Desktop/planet/q2205/1659-1221_quad.tif
None
None
None
None
None
/Users/zgf/Desktop/planet/q2205/1656-1216_quad.tif
None
/Users/zgf/Desktop/planet/q2205/1655-1221_quad.tif
None
None
None
None
None
None
None
None
None
None
None
None
None
None
None
None
None
None
None
None
None
None
None
None
None
None
None
None
/Users/zgf/Desktop/planet/q2205/1661-1209_quad.tif
None
None
None
None
None
None
None
None
None
None
None
None
None
None
/Users/zgf/Desktop/planet/q2205/1662-1210_quad.tif
/Users/zgf/Desktop/planet/q2205/1661-1211_quad.tif
None
/Users/zgf/Desktop/planet/q2205/1665-1214_quad.tif
/Users/zgf/Desktop/planet/q2205/1664-1213_quad.tif
/Users/zgf/Desktop/planet/q2205/1663-1214_quad.tif
/Users/zgf/Desktop/planet/q2205/1662-1211_quad.tif
/Users/zgf/Desktop/planet/q2205/1663-1215_quad.tif
/Users/zgf/Desktop/planet/q2205/1663-1211_quad.tif
None
/Users/zgf/Desktop/planet/q2205/1662-1212_quad.tif
/Users/zgf/Desktop/planet/q2205/1664-1210_quad.tif
None
None
/Users/zgf/Desktop/planet/q2205/1661-1212_quad.tif
None
None
/Users/zgf/Desktop/planet/q2205/1661-1210_quad.tif
None
None
/Users/zgf/Desktop/planet/q2205/1665-1212_quad.tif
None
None
/Users/zgf/Desktop/planet/q2205/1661-1213_quad.tif
None
None
None
/Users/zgf/Desktop/planet/q2205/1663-1210_quad.tif
/Users/zgf/Desktop/planet/q2205/1665-1213_quad.tif
None
None
None
None
None
None
None
None
None
None
None
None
None
None
/Users/zgf/Desktop/planet/q2205/1662-1213_quad.tif
None
None
None
None
None
None
None
None
None
None
None
None
None
None
/Users/zgf/Desktop/planet/q2205/1663-1209_quad.tif
None
None
None
None
None
None
None
None
None
None
None
None
None
None
/Users/zgf/Desktop/planet/q2205/1664-1215_quad.tif
/Users/zgf/Desktop/planet/q2205/1664-1212_quad.tif
None
None
None
None
/Users/zgf/Desktop/planet/q2205/1663-1216_quad.tif
None
/Users/zgf/Desktop/planet/q2205/1666-1211_quad.tif
None
None
None
None
None
None
None
None
None
None
None
None
None
None
None
None
None
None
None
None
None
None
None
None
None
None
None
None
None
None
None
/Users/zgf/Desktop/planet/q2205/1665-1211_quad.tif
None
None
None
None
None
None
None
None
None
None
None
None
None
None
None
None
None
None
None
None
None
None
None
None
None
None
None
None
None
None
None
None
None
None
None
None
None
None
None
None
None
None
None
None
None
None
None
None
None
None
None
None
None
None
None
None
/Users/zgf/Desktop/planet/q2205/1662-1214_quad.tif
/Users/zgf/Desktop/planet/q2205/1662-1215_quad.tif
None
None
None
None
None
None
None
None
None
None
None
None
None
None
None
None
None
None
None
None
None
None
None
None
None
None
None
None
/Users/zgf/Desktop/planet/q2205/1666-1216_quad.tif
/Users/zgf/Desktop/planet/q2205/1666-1215_quad.tif
None
None
None
None
None
None
None
None
None
None
None
None
None
None
None
None
None
None
None
/Users/zgf/Desktop/planet/q2205/1666-1210_quad.tif
None
None
None
None
None
None
None
None
None
None
None
None
None
None
/Users/zgf/Desktop/planet/q2205/1662-1209_quad.tif
None
None
None
None
None
None
None
None
None
None
None
None
None
None
None
None
/Users/zgf/Desktop/planet/q2205/1664-1214_quad.tif
None
None
None
None
None
None
None
None
None
None
None
None
None
None
None
None
None
None
None
None
None
None
None
None
None
None
None
None
None
None
None
None
None
None
None
None
None
None
None
None
None
None
None
None
None
None
None
None
None
None
None
None
None
None
None
None
None
None
None
None
None
None
None
None
None
None
None
None
None
None
None
None
None
None
None
None
None
None
None
None
None
None
None
None
None
None
None
None
None
None
None
None
None
None
None
None
None
None
None
None
None
None
None
None
None
None
None
None
None
None
None
None
None
None
None
None
None
None
None
None
None
None
None
None
None
None
None
None
None
None
None
None
None
None
None
None
/Users/zgf/Desktop/planet/q2205/1654-1211_quad.tif
/Users/zgf/Desktop/planet/q2205/1655-1214_quad.tif
None
None
None
None
None
/Users/zgf/Desktop/planet/q2205/1651-1214_quad.tif
/Users/zgf/Desktop/planet/q2205/1654-1214_quad.tif
None
None
None
None
/Users/zgf/Desktop/planet/q2205/1655-1213_quad.tif
/Users/zgf/Desktop/planet/q2205/1654-1212_quad.tif
/Users/zgf/Desktop/planet/q2205/1650-1212_quad.tif
/Users/zgf/Desktop/planet/q2205/1650-1210_quad.tif
/Users/zgf/Desktop/planet/q2205/1649-1210_quad.tif
None
None
/Users/zgf/Desktop/planet/q2205/1650-1211_quad.tif
/Users/zgf/Desktop/planet/q2205/1649-1211_quad.tif
None
None
None
None
None
None
None
None
None
None
None
None
None
/Users/zgf/Desktop/planet/q2205/1649-1212_quad.tif
None
None
None
None
None
None
None
None
None
None
None
None
None
None
None
None
None
None
None
None
None
None
None
None
None
None
None
None
None
None
None
None
None
None
None
None
None
None
None
None
None
None
None
None
None
None
None
None
None
None
None
None
/Users/zgf/Desktop/planet/q2205/1643-1200_quad.tif
None
/Users/zgf/Desktop/planet/q2205/1638-1200_quad.tif
None
None
None
None
/Users/zgf/Desktop/planet/q2205/1639-1201_quad.tif
/Users/zgf/Desktop/planet/q2205/1638-1201_quad.tif
None
None
/Users/zgf/Desktop/planet/q2205/1639-1197_quad.tif
/Users/zgf/Desktop/planet/q2205/1639-1200_quad.tif
/Users/zgf/Desktop/planet/q2205/1638-1197_quad.tif
/Users/zgf/Desktop/planet/q2205/1638-1198_quad.tif
None
None
None
None
None
None
None
None
None
None
/Users/zgf/Desktop/planet/q2205/1640-1196_quad.tif
/Users/zgf/Desktop/planet/q2205/1640-1197_quad.tif
None
None
None
None
None
None
/Users/zgf/Desktop/planet/q2205/1638-1199_quad.tif
None
None
None
/Users/zgf/Desktop/planet/q2205/1640-1201_quad.tif
None
/Users/zgf/Desktop/planet/q2205/1640-1200_quad.tif
None
None
None
None
None
None
None
None
None
None
None
None
None
None
None
None
None
None
None
None
None
None
None
None
/Users/zgf/Desktop/planet/q2205/1639-1199_quad.tif
None
None
None
None
None
None
None
None
None
None
None
None
None
None
None
None
None
None
None
None
None
None
None
None
None
None
None
None
None
None
None
None
None
None
None
None
None
None
None
None
None
None
None
None
None
None
None
None
None
None
None
None
None
None
None
None
None
None
None
None
None
None
None
None
None
None
None
None
None
None
None
None
None
None
None
None
None
None
/Users/zgf/Desktop/planet/q2205/1639-1206_quad.tif
/Users/zgf/Desktop/planet/q2205/1638-1205_quad.tif
/Users/zgf/Desktop/planet/q2205/1639-1208_quad.tif
None
None
None
/Users/zgf/Desktop/planet/q2205/1643-1208_quad.tif
None
None
None
/Users/zgf/Desktop/planet/q2205/1639-1205_quad.tif
None
None
None
None
None
None
None
/Users/zgf/Desktop/planet/q2205/1638-1204_quad.tif
None
None
None
None
None
None
None
/Users/zgf/Desktop/planet/q2205/1638-1206_quad.tif
None
None
None
None
None
None
None
None
None
None
None
None
None
None
/Users/zgf/Desktop/planet/q2205/1639-1207_quad.tif
None
None
None
None
None
None
/Users/zgf/Desktop/planet/q2205/1643-1207_quad.tif
None
None
None
/Users/zgf/Desktop/planet/q2205/1638-1203_quad.tif
None
None
/Users/zgf/Desktop/planet/q2205/1638-1207_quad.tif
None
None
None
None
None
None
None
None
None
None
None
/Users/zgf/Desktop/planet/q2205/1638-1208_quad.tif
None
None
None
/Users/zgf/Desktop/planet/q2205/1640-1208_quad.tif
None
None
None
None
None
None
None
None
None
None
None
None
None
None
None
None
None
None
None
None
None
None
None
None
None
None
None
None
None
None
None
None
None
None
None
None
None
None
None
None
None
None
None
None
None
None
None
None
None
None
None
None
None
None
None
None
None
None
None
None
None
None
None
None
None
None
None
None
None
None
None
None
None
None
None
None
None
None
None
None
None
None
None
None
None
None
None
None
None
None
None
None
None
None
None
None
None
None
None
None
None
None
None
None
None
None
/Users/zgf/Desktop/planet/q2205/1639-1209_quad.tif
None
None
None
None
None
None
None
None
None
None
None
None
/Users/zgf/Desktop/planet/q2205/1639-1204_quad.tif
None
None
None
None
None
None
None
None
None
None
None
None
None
None
None
None
None
None
None
None
None
None
None
None
None
None
None
None
None
None
None
None
None
None
None
None
None
None
None
None
None
None
None
/Users/zgf/Desktop/planet/q2205/1640-1209_quad.tif
None
None
None
None
None
None
None
None
None
None
None
None
None
None
None
None
None
None
None
None
None
None
None
None
None
None
None
None
None
None
None
None
None
None
None
None
None
None
None
None
None
None
None
None
None
None
None
None
None
None
None
None
None
None
None
None
None
None
None
None
None
None
None
None
None
None
None
None
None
None
None
None
None
None
None
None
None
None
None
None
None
None
None
None
None
None
None
None
None
None
None
None
None
None
None
None
None
None
None
None
None
None
None
None
None
None
None
None
None
None
None
None
None
None
None
None
None
None
None
/Users/zgf/Desktop/planet/q2205/1640-1206_quad.tif
None
None
None
None
None
None
None
None
None
None
None
None
None
None
None
None
None
None
None
None
None
None
None
None
None
None
None
None
None
None
None
None
None
None
None
None
None
None
None
None
None
None
None
None
None
None
None
None
None
None
None
None
None
None
None
None
None
None
None
None
None
None
None
None
None
None
None
None
None
None
None
None
None
None
None
None
None
None
None
None
None
None
None
None
None
None
None
None
None
None
None
None
None
None
None
None
None
None
None
None
None
None
None
None
None
None
None
None
None
None
None
None
None
None
None
None
None
None
None
None
None
None
None
None
None
None
None
None
None
None
None
None
None
None
None
None
None
None
None
None
None
None
None
None
None
None
None
None
None
None
None
None
None
None
None
None
None
None
None
None
None
None
None
None
None
None
None
None
None
None
None
None
None
None
None
None
None
None
None
None
None
None
None
None
None
None
None
None
None
None
None
None
None
None
None
None
None
None
None
None
None
None
None
None
None
None
None
None
None
None
None
None
None
None
None
None
None
None
None
None
None
None
None
None
None
None
None
None
None
None
None
None
None
None
None
None
None
None
/Users/zgf/Desktop/planet/q2205/1646-1212_quad.tif
/Users/zgf/Desktop/planet/q2205/1647-1212_quad.tif
None
/Users/zgf/Desktop/planet/q2205/1647-1213_quad.tif
None
None
None
/Users/zgf/Desktop/planet/q2205/1646-1211_quad.tif
None
/Users/zgf/Desktop/planet/q2205/1645-1213_quad.tif
None
None
None
None
None
/Users/zgf/Desktop/planet/q2205/1646-1213_quad.tif
None
None
None
None
None
None
/Users/zgf/Desktop/planet/q2205/1647-1211_quad.tif
None
None
None
None
None
None
None
None
None
None
None
None
None
None
None
None
None
None
None
None
None
None
None
None
None
None
None
/Users/zgf/Desktop/planet/q2205/1646-1214_quad.tif
None
None
None
None
None
None
None
None
None
None
None
None
None
None
None
None
None
None
None
None
None
None
/Users/zgf/Desktop/planet/q2205/1647-1214_quad.tif
None
/Users/zgf/Desktop/planet/q2205/1645-1212_quad.tif
None
None
None
None
None
None
None
None
None
None
None
None
/Users/zgf/Desktop/planet/q2205/1648-1211_quad.tif
None
None
None
None
None
None
None
None
None
None
None
None
None
None
None
None
None
None
None
None
None
None
None
None
None
None
None
None
None
None
None
None
None
None
None
None
None
None
None
None
None
None
None
None
None
None
None
None
None
None
None
None
None
None
None
None
None
None
None
None
None
None
None
None
None
None
None
None
None
None
None
None
/Users/zgf/Desktop/planet/q2205/1648-1210_quad.tif
None
None
None
None
None
None
None
None
None
None
None
None
None
None
None
None
None
None
None
None
None
None
None
None
None
None
None
None
None
None
None
None
None
None
None
None
None
None
None
None
None
None
None
None
None
None
None
None
None
None
None
None
None
None
None
None
None
None
None
None
None
None
None
None
None
None
None
None
None
None
None
None
None
None
None
None
None
None
None
None
None
None
None
None
None
None
None
None
None
None
None
None
None
None
None
None
None
None
None
None
None
None
None
None
None
None
None
None
None
None
None
None
None
None
None
None
None
None
None
None
None
None
None
None
None
None
None
None
None
None
None
None
None
None
None
None
None
None
None
None
None
None
None
None
None
None
None
None
None
None
None
None
None
None
None
None
None
None
None
None
None
None
None
None
None
None
None
None
None
None
None
None
None
None
None
None
None
None
None
None
None
None
None
None
None
None
None
None
None
None
None
None
None
None
None
None
None
None
None
None
None
None
None
None
None
None
None
None
None
None
None
None
None
None
None
None
None
None
None
None
None
None
None
None
None
None
None
None
None
None
None
None
None
None
None
None
None
None
None
None
None
None
None
None
None
None
None
None
None
None
None
None
None
None
None
None
None
None
None
None
None
None
None
None
None
None
None
None
None
None
None
None
None
None
None
None
None
None
None
None
None
None
None
None
None
None
None
None
None
None
None
None
None
None
None
None
None
None
None
None
None
None
None
None
None
None
None
None
None
None
None
None
None
None
None
None
None
None
None
None
/Users/zgf/Desktop/planet/q2205/1648-1212_quad.tif
None
None
None
None
None
None
None
None
None
None
None
None
None
None
None
None
None
None
None
None
None
None
None
None
None
None
None
None
None
None
None
None
None
None
None
None
None
None
None
None
None
/Users/zgf/Desktop/planet/q2205/1660-1212_quad.tif
None
None
/Users/zgf/Desktop/planet/q2205/1660-1210_quad.tif
None
None
None
None
/Users/zgf/Desktop/planet/q2205/1656-1214_quad.tif
None
None
None
None
None
None
None
None
None
None
None
None
None
None
None
None
None
None
/Users/zgf/Desktop/planet/q2205/1660-1211_quad.tif
None
None
/Users/zgf/Desktop/planet/q2205/1655-1212_quad.tif
/Users/zgf/Desktop/planet/q2205/1656-1213_quad.tif
None
None
None
None
None
/Users/zgf/Desktop/planet/q2205/1656-1215_quad.tif
None
None
None
None
None
None
None
None
None
None
None
None
None
None
None
None
None
None
None
None
None
None
None
None
None
None
None
None
None
None
None
None
None
None
None
/Users/zgf/Desktop/planet/q2205/1664-1222_quad.tif
None
/Users/zgf/Desktop/planet/q2205/1664-1220_quad.tif
None
None
/Users/zgf/Desktop/planet/q2205/1663-1219_quad.tif
None
/Users/zgf/Desktop/planet/q2205/1664-1223_quad.tif
None
/Users/zgf/Desktop/planet/q2205/1664-1221_quad.tif
None
None
None
None
None
None
None
None
None
None
None
None
None
None
None
None
None
None
None
None
None
/Users/zgf/Desktop/planet/q2205/1665-1222_quad.tif
None
None
None
None
None
None
None
None
None
None
None
None
None
None
None
None
None
None
None
None
None
None
/Users/zgf/Desktop/planet/q2205/1663-1222_quad.tif
/Users/zgf/Desktop/planet/q2205/1665-1223_quad.tif
None
None
None
None
None
None
/Users/zgf/Desktop/planet/q2205/1666-1222_quad.tif
/Users/zgf/Desktop/planet/q2205/1663-1221_quad.tif
/Users/zgf/Desktop/planet/q2205/1663-1223_quad.tif
None
None
None
None
None
None
None
None
None
None
None
None
None
None
None
None
None
None
None
None
None
None
None
None
None
None
None
None
None
None
None
None
None
None
None
None
None
None
None
None
None
None
None
None
None
None
None
None
None
None
None
None
None
None
None
None
None
None
None
/Users/zgf/Desktop/planet/q2205/1664-1219_quad.tif
None
None
None
None
None
None
None
None
None
None
None
None
None
None
None
None
None
None
None
None
None
None
None
None
None
None
None
None
None
None
None
None
None
None
None
None
None
None
None
None
None
None
None
None
None
None
None
None
None
None
None
None
None
None
None
None
None
None
None
None
None
None
None
None
None
None
None
None
None
None
None
None
None
None
None
None
None
None
None
None
None
None
None
None
None
None
None
None
None
None
None
Traceback (most recent call last):
  File "/Users/zgf/Downloads/同步空间/毕业设计/tools/planetdownload.py", line 641, in <module>
    main()
  File "/Users/zgf/Downloads/同步空间/毕业设计/tools/planetdownload.py", line 118, in main
    for item in files:
  File "/Users/zgf/Downloads/同步空间/毕业设计/tools/planetdownload.py", line 481, in download_quads
    for group in groups:
  File "/Users/zgf/Downloads/同步空间/毕业设计/tools/planetdownload.py", line 161, in _chunks
    v = tuple(it.islice(iterable, chunksize))
        ^^^^^^^^^^^^^^^^^^^^^^^^^^^^^^^^^^^^^
  File "/Users/zgf/Downloads/同步空间/毕业设计/tools/planetdownload.py", line 417, in quads
    for info in quads:
  File "/Users/zgf/Downloads/同步空间/毕业设计/tools/planetdownload.py", line 237, in _query
    response = self._post(url, json_query)
               ^^^^^^^^^^^^^^^^^^^^^^^^^^^
  File "/Users/zgf/Downloads/同步空间/毕业设计/tools/planetdownload.py", line 264, in _post
    rv.raise_for_status()
  File "/opt/homebrew/lib/python3.12/site-packages/requests/models.py", line 1024, in raise_for_status
    raise HTTPError(http_error_msg, response=self)
requests.exceptions.HTTPError: 502 Server Error: Bad Gateway for url: https://api.planet.com/basemaps/v1/mosaics/045711ab-a3c1-455a-8a2e-b9ff3b699f8a/quads/search?v=1.5
已处理10张
已处理20张
已处理30张
已处理40张
已处理50张
已处理60张
已处理70张
已处理80张
已处理90张
已处理100张
已处理110张
已处理120张
已处理130张
已处理140张
已处理150张
已处理160张
已处理170张
已处理180张
已处理190张
已处理200张
已处理210张
已处理220张
已处理230张
已处理240张
已处理250张
已处理260张
已处理270张
已处理280张
已处理290张
已处理300张
已处理310张
已处理320张
已处理330张
已处理340张
已处理350张
已处理360张
已处理370张
已处理380张
已处理390张
已处理400张
已处理410张
已处理420张
已处理430张
已处理440张
已处理450张
已处理460张
已处理470张
已处理480张
已处理490张
已处理500张
已处理510张
已处理520张
已处理530张
已处理540张
已处理550张
已处理560张
已处理570张
已处理580张
已处理590张
已处理600张
已处理610张
已处理620张
已处理630张
已处理640张
已处理650张
已处理660张
已处理670张
已处理680张
已处理690张
已处理700张
已处理710张
已处理720张
已处理730张
已处理740张
已处理750张
已处理760张
已处理770张
已处理780张
已处理790张
已处理800张
已处理810张
已处理820张
已处理830张
已处理840张
已处理850张
已处理860张
已处理870张
已处理880张
已处理890张
已处理900张
已处理910张
已处理920张
已处理930张
已处理940张
已处理950张
已处理960张
已处理970张
已处理980张
已处理990张
已处理1000张
已处理1010张
已处理1020张
已处理1030张
已处理1040张
已处理1050张
已处理1060张
已处理1070张
已处理1080张
已处理1090张
已处理1100张
已处理1110张
已处理1120张
已处理1130张
已处理1140张
已处理1150张
已处理1160张
已处理1170张
已处理1180张
已处理1190张
已处理1200张
已处理1210张
已处理1220张
已处理1230张
已处理1240张
已处理1250张
已处理1260张
已处理1270张
已处理1280张
已处理1290张
已处理1300张
已处理1310张
已处理1320张
已处理1330张
已处理1340张
已处理1350张
已处理1360张
已处理1370张
已处理1380张
已处理1390张
已处理1400张
已处理1410张
已处理1420张
已处理1430张
已处理1440张
已处理1450张
已处理1460张
已处理1470张
已处理1480张
已处理1490张
已处理1500张
已处理1510张
已处理1520张
已处理1530张
已处理1540张
已处理1550张
已处理1560张
已处理1570张
已处理1580张
已处理1590张
已处理1600张
已处理1610张
已处理1620张
已处理1630张
已处理1640张
已处理1650张
已处理1660张
已处理1670张
已处理1680张
已处理1690张
已处理1700张
已处理1710张
已处理1720张
已处理1730张
已处理1740张
已处理1750张
已处理1760张
已处理1770张
已处理1780张
已处理1790张
已处理1800张
已处理1810张
已处理1820张
已处理1830张
已处理1840张
已处理1850张
已处理1860张
已处理1870张
已处理1880张
已处理1890张
已处理1900张
已处理1910张
已处理1920张
已处理1930张
已处理1940张
已处理1950张
已处理1960张
已处理1970张
已处理1980张
已处理1990张
已处理2000张
已处理2010张
已处理2020张
已处理2030张
已处理2040张
已处理2050张
已处理2060张
已处理2070张
已处理2080张
已处理2090张
已处理2100张
已处理2110张
已处理2120张
已处理2130张
已处理2140张
已处理2150张
已处理2160张
已处理2170张
已处理2180张
已处理2190张
已处理2200张
已处理2210张
已处理2220张
已处理2230张
已处理2240张
已处理2250张
已处理2260张
已处理2270张
已处理2280张
已处理2290张
已处理2300张
已处理2310张
已处理2320张
已处理2330张
已处理2340张
已处理2350张
已处理2360张
已处理2370张
已处理2380张
已处理2390张
已处理2400张
已处理2410张
已处理2420张
已处理2430张
已处理2440张
已处理2450张
已处理2460张
已处理2470张
已处理2480张
已处理2490张
已处理2500张
已处理2510张
已处理2520张
已处理2530张
已处理2540张
已处理2550张
已处理2560张
已处理2570张
已处理2580张
已处理2590张
已处理2600张
已处理2610张
已处理2620张
已处理2630张
已处理2640张
已处理2650张
已处理2660张
已处理2670张
已处理2680张
已处理2690张
已处理2700张
已处理2710张
已处理2720张
已处理2730张
已处理2740张
已处理2750张
已处理2760张
已处理2770张
已处理2780张
已处理2790张
已处理2800张
已处理2810张
已处理2820张
已处理2830张
已处理2840张
已处理2850张
已处理2860张
已处理2870张
已处理2880张
已处理2890张
